<?xml version="1.0" encoding="UTF-8"?>
<testsuite name="AddTest" tests="1" skipped="0" failures="0" errors="0" timestamp="2020-10-20T11:28:38" hostname="PC201905092120" time="0.001">
  <properties/>
  <testcase name="add" classname="AddTest" time="0.001"/>
  <system-out><![CDATA[]]></system-out>
  <system-err><![CDATA[]]></system-err>
</testsuite>
